The system is: Darwin - 15.4.0 - x86_64
Compiling the C compiler identification source file "CMakeCCompilerId.c" succeeded.
Compiler:  
Build flags: 
Id flags: 

The output was:
0
2016-05-01 17:20:30.512 xcodebuild[49406:8858424] [MT] PluginLoading: Skipping plug-in at path '/Users/Martin/Library/Application Support/Developer/Shared/Xcode/Plug-ins/Backlight.xcplugin' because it is not compatible with this version of Xcode.
2016-05-01 17:20:30.513 xcodebuild[49406:8858424] [MT] PluginLoading: Required plug-in compatibility UUID ACA8656B-FEA8-4B6D-8E4A-93F4C95C362C for plug-in at path '~/Library/Application Support/Developer/Shared/Xcode/Plug-ins/Alcatraz.xcplugin' not present in DVTPlugInCompatibilityUUIDs
=== BUILD TARGET CompilerIdC OF PROJECT CompilerIdC WITH THE DEFAULT CONFIGURATION (Debug) ===

Check dependencies

Write auxiliary files
write-file /Users/Martin/Development/Libraries/YAML/CMakeFiles/3.4.3/CompilerIdC/CompilerIdC.build/Debug/CompilerIdC.build/CompilerIdC-project-headers.hmap
write-file /Users/Martin/Development/Libraries/YAML/CMakeFiles/3.4.3/CompilerIdC/CompilerIdC.build/Debug/CompilerIdC.build/CompilerIdC-own-target-headers.hmap
write-file /Users/Martin/Development/Libraries/YAML/CMakeFiles/3.4.3/CompilerIdC/CompilerIdC.build/Debug/CompilerIdC.build/CompilerIdC-all-target-headers.hmap
write-file /Users/Martin/Development/Libraries/YAML/CMakeFiles/3.4.3/CompilerIdC/CompilerIdC.build/Debug/CompilerIdC.build/CompilerIdC-generated-files.hmap
write-file /Users/Martin/Development/Libraries/YAML/CMakeFiles/3.4.3/CompilerIdC/CompilerIdC.build/Debug/CompilerIdC.build/Script-2C8FEB8E15DC1A1A00E56A5D.sh
chmod 0755 /Users/Martin/Development/Libraries/YAML/CMakeFiles/3.4.3/CompilerIdC/CompilerIdC.build/Debug/CompilerIdC.build/Script-2C8FEB8E15DC1A1A00E56A5D.sh
write-file /Users/Martin/Development/Libraries/YAML/CMakeFiles/3.4.3/CompilerIdC/CompilerIdC.build/Debug/CompilerIdC.build/CompilerIdC-all-non-framework-target-headers.hmap
/bin/mkdir -p /Users/Martin/Development/Libraries/YAML/CMakeFiles/3.4.3/CompilerIdC/CompilerIdC.build/Debug/CompilerIdC.build/Objects-normal/x86_64
write-file /Users/Martin/Development/Libraries/YAML/CMakeFiles/3.4.3/CompilerIdC/CompilerIdC.build/Debug/CompilerIdC.build/Objects-normal/x86_64/CompilerIdC.LinkFileList
write-file /Users/Martin/Development/Libraries/YAML/CMakeFiles/3.4.3/CompilerIdC/CompilerIdC.build/Debug/CompilerIdC.build/CompilerIdC.hmap

CompileC CompilerIdC.build/Debug/CompilerIdC.build/Objects-normal/x86_64/CMakeCCompilerId.o CMakeCCompilerId.c normal x86_64 c com.apple.compilers.llvm.clang.1_0.compiler
    cd /Users/Martin/Development/Libraries/YAML/CMakeFiles/3.4.3/CompilerIdC
    export LANG=en_US.US-ASCII
    /Applications/Xcode.app/Contents/Developer/Toolchains/XcodeDefault.xctoolchain/usr/bin/clang -x c -arch x86_64 -fmessage-length=0 -fdiagnostics-show-note-include-stack -fmacro-backtrace-limit=0 -Wno-trigraphs -fpascal-strings -Os -Wno-missing-field-initializers -Wno-missing-prototypes -Wno-return-type -Wno-missing-braces -Wparentheses -Wswitch -Wno-unused-function -Wno-unused-label -Wno-unused-parameter -Wno-unused-variable -Wunused-value -Wno-empty-body -Wno-uninitialized -Wno-unknown-pragmas -Wno-shadow -Wno-four-char-constants -Wno-conversion -Wno-constant-conversion -Wno-int-conversion -Wno-bool-conversion -Wno-enum-conversion -Wno-shorten-64-to-32 -Wpointer-sign -Wno-newline-eof -isysroot /Applications/Xcode.app/Contents/Developer/Platforms/MacOSX.platform/Developer/SDKs/MacOSX10.11.sdk -fasm-blocks -fstrict-aliasing -Wdeprecated-declarations -mmacosx-version-min=10.11 -g -fvisibility=hidden -Wno-sign-conversion -I/Users/Martin/Development/Libraries/YAML/CMakeFiles/3.4.3/CompilerIdC/CompilerIdC.build/Debug/CompilerIdC.build/CompilerIdC.hmap -I/Users/Martin/Development/Libraries/YAML/CMakeFiles/3.4.3/CompilerIdC/include -I/Users/Martin/Development/Libraries/YAML/CMakeFiles/3.4.3/CompilerIdC/CompilerIdC.build/Debug/CompilerIdC.build/DerivedSources/x86_64 -I/Users/Martin/Development/Libraries/YAML/CMakeFiles/3.4.3/CompilerIdC/CompilerIdC.build/Debug/CompilerIdC.build/DerivedSources -F/Users/Martin/Development/Libraries/YAML/CMakeFiles/3.4.3/CompilerIdC -MMD -MT dependencies -MF /Users/Martin/Development/Libraries/YAML/CMakeFiles/3.4.3/CompilerIdC/CompilerIdC.build/Debug/CompilerIdC.build/Objects-normal/x86_64/CMakeCCompilerId.d --serialize-diagnostics /Users/Martin/Development/Libraries/YAML/CMakeFiles/3.4.3/CompilerIdC/CompilerIdC.build/Debug/CompilerIdC.build/Objects-normal/x86_64/CMakeCCompilerId.dia -c /Users/Martin/Development/Libraries/YAML/CMakeFiles/3.4.3/CompilerIdC/CMakeCCompilerId.c -o /Users/Martin/Development/Libraries/YAML/CMakeFiles/3.4.3/CompilerIdC/CompilerIdC.build/Debug/CompilerIdC.build/Objects-normal/x86_64/CMakeCCompilerId.o

Ld CompilerIdC normal x86_64
    cd /Users/Martin/Development/Libraries/YAML/CMakeFiles/3.4.3/CompilerIdC
    export MACOSX_DEPLOYMENT_TARGET=10.11
    /Applications/Xcode.app/Contents/Developer/Toolchains/XcodeDefault.xctoolchain/usr/bin/clang -arch x86_64 -isysroot /Applications/Xcode.app/Contents/Developer/Platforms/MacOSX.platform/Developer/SDKs/MacOSX10.11.sdk -L/Users/Martin/Development/Libraries/YAML/CMakeFiles/3.4.3/CompilerIdC -F/Users/Martin/Development/Libraries/YAML/CMakeFiles/3.4.3/CompilerIdC -filelist /Users/Martin/Development/Libraries/YAML/CMakeFiles/3.4.3/CompilerIdC/CompilerIdC.build/Debug/CompilerIdC.build/Objects-normal/x86_64/CompilerIdC.LinkFileList -mmacosx-version-min=10.11 -Xlinker -dependency_info -Xlinker /Users/Martin/Development/Libraries/YAML/CMakeFiles/3.4.3/CompilerIdC/CompilerIdC.build/Debug/CompilerIdC.build/Objects-normal/x86_64/CompilerIdC_dependency_info.dat -o /Users/Martin/Development/Libraries/YAML/CMakeFiles/3.4.3/CompilerIdC/CompilerIdC

PhaseScriptExecution Run\ Script CompilerIdC.build/Debug/CompilerIdC.build/Script-2C8FEB8E15DC1A1A00E56A5D.sh
    cd /Users/Martin/Development/Libraries/YAML/CMakeFiles/3.4.3/CompilerIdC
    /bin/sh -c /Users/Martin/Development/Libraries/YAML/CMakeFiles/3.4.3/CompilerIdC/CompilerIdC.build/Debug/CompilerIdC.build/Script-2C8FEB8E15DC1A1A00E56A5D.sh
GCC_VERSION=com.apple.compilers.llvm.clang.1_0

** BUILD SUCCEEDED **



Compilation of the C compiler identification source "CMakeCCompilerId.c" produced "CompilerIdC"

The C compiler identification is AppleClang, found in "/Users/Martin/Development/Libraries/YAML/CMakeFiles/3.4.3/CompilerIdC/CompilerIdC"

Determining if the C compiler works passed with the following output:
Change Dir: /Users/Martin/Development/Libraries/YAML/CMakeFiles/CMakeTmp

Run Build Command:"/usr/bin/xcodebuild" "-project" "CMAKE_TRY_COMPILE.xcodeproj" "build" "-target" "cmTC_eaeae" "-configuration" "Debug"
2016-05-01 17:20:32.267 xcodebuild[49428:8858694] [MT] PluginLoading: Skipping plug-in at path '/Users/Martin/Library/Application Support/Developer/Shared/Xcode/Plug-ins/Backlight.xcplugin' because it is not compatible with this version of Xcode.
2016-05-01 17:20:32.268 xcodebuild[49428:8858694] [MT] PluginLoading: Required plug-in compatibility UUID ACA8656B-FEA8-4B6D-8E4A-93F4C95C362C for plug-in at path '~/Library/Application Support/Developer/Shared/Xcode/Plug-ins/Alcatraz.xcplugin' not present in DVTPlugInCompatibilityUUIDs
=== BUILD TARGET cmTC_eaeae OF PROJECT CMAKE_TRY_COMPILE WITH CONFIGURATION Debug ===

Check dependencies

Write auxiliary files
/bin/mkdir -p /Users/Martin/Development/Libraries/YAML/CMakeFiles/CMakeTmp/CMAKE_TRY_COMPILE.build/Debug/cmTC_eaeae.build/Objects-normal/x86_64
write-file /Users/Martin/Development/Libraries/YAML/CMakeFiles/CMakeTmp/CMAKE_TRY_COMPILE.build/Debug/cmTC_eaeae.build/Objects-normal/x86_64/cmTC_eaeae.LinkFileList

CompileC CMAKE_TRY_COMPILE.build/Debug/cmTC_eaeae.build/Objects-normal/x86_64/testCCompiler.o testCCompiler.c normal x86_64 c com.apple.compilers.llvm.clang.1_0.compiler
    cd /Users/Martin/Development/Libraries/YAML/CMakeFiles/CMakeTmp
    export LANG=en_US.US-ASCII
    /Applications/Xcode.app/Contents/Developer/Toolchains/XcodeDefault.xctoolchain/usr/bin/clang -x c -arch x86_64 -fmessage-length=0 -fdiagnostics-show-note-include-stack -fmacro-backtrace-limit=0 -Wno-trigraphs -fpascal-strings -O0 -Wno-missing-field-initializers -Wno-missing-prototypes -Wno-return-type -Wno-missing-braces -Wparentheses -Wswitch -Wno-unused-function -Wno-unused-label -Wno-unused-parameter -Wno-unused-variable -Wunused-value -Wno-empty-body -Wno-uninitialized -Wno-unknown-pragmas -Wno-shadow -Wno-four-char-constants -Wno-conversion -Wno-constant-conversion -Wno-int-conversion -Wno-bool-conversion -Wno-enum-conversion -Wno-shorten-64-to-32 -Wpointer-sign -Wno-newline-eof -DCMAKE_INTDIR=\"Debug\" -isysroot /Applications/Xcode.app/Contents/Developer/Platforms/MacOSX.platform/Developer/SDKs/MacOSX10.11.sdk -fasm-blocks -fstrict-aliasing -Wdeprecated-declarations -mmacosx-version-min=10.11 -g -Wno-sign-conversion -I/Users/Martin/Development/Libraries/YAML/CMakeFiles/CMakeTmp/Debug/include -I/Users/Martin/Development/Libraries/YAML/CMakeFiles/CMakeTmp/CMAKE_TRY_COMPILE.build/Debug/cmTC_eaeae.build/DerivedSources/x86_64 -I/Users/Martin/Development/Libraries/YAML/CMakeFiles/CMakeTmp/CMAKE_TRY_COMPILE.build/Debug/cmTC_eaeae.build/DerivedSources -Wmost -Wno-four-char-constants -Wno-unknown-pragmas -F/Users/Martin/Development/Libraries/YAML/CMakeFiles/CMakeTmp/Debug -MMD -MT dependencies -MF /Users/Martin/Development/Libraries/YAML/CMakeFiles/CMakeTmp/CMAKE_TRY_COMPILE.build/Debug/cmTC_eaeae.build/Objects-normal/x86_64/testCCompiler.d --serialize-diagnostics /Users/Martin/Development/Libraries/YAML/CMakeFiles/CMakeTmp/CMAKE_TRY_COMPILE.build/Debug/cmTC_eaeae.build/Objects-normal/x86_64/testCCompiler.dia -c /Users/Martin/Development/Libraries/YAML/CMakeFiles/CMakeTmp/testCCompiler.c -o /Users/Martin/Development/Libraries/YAML/CMakeFiles/CMakeTmp/CMAKE_TRY_COMPILE.build/Debug/cmTC_eaeae.build/Objects-normal/x86_64/testCCompiler.o

Ld Debug/cmTC_eaeae normal x86_64
    cd /Users/Martin/Development/Libraries/YAML/CMakeFiles/CMakeTmp
    export MACOSX_DEPLOYMENT_TARGET=10.11
    /Applications/Xcode.app/Contents/Developer/Toolchains/XcodeDefault.xctoolchain/usr/bin/clang -arch x86_64 -isysroot /Applications/Xcode.app/Contents/Developer/Platforms/MacOSX.platform/Developer/SDKs/MacOSX10.11.sdk -L/Users/Martin/Development/Libraries/YAML/CMakeFiles/CMakeTmp/Debug -F/Users/Martin/Development/Libraries/YAML/CMakeFiles/CMakeTmp/Debug -filelist /Users/Martin/Development/Libraries/YAML/CMakeFiles/CMakeTmp/CMAKE_TRY_COMPILE.build/Debug/cmTC_eaeae.build/Objects-normal/x86_64/cmTC_eaeae.LinkFileList -mmacosx-version-min=10.11 -Xlinker -no_deduplicate -Wl,-search_paths_first -Wl,-headerpad_max_install_names -Xlinker -dependency_info -Xlinker /Users/Martin/Development/Libraries/YAML/CMakeFiles/CMakeTmp/CMAKE_TRY_COMPILE.build/Debug/cmTC_eaeae.build/Objects-normal/x86_64/cmTC_eaeae_dependency_info.dat -o /Users/Martin/Development/Libraries/YAML/CMakeFiles/CMakeTmp/Debug/cmTC_eaeae

** BUILD SUCCEEDED **



Detecting C compiler ABI info compiled with the following output:
Change Dir: /Users/Martin/Development/Libraries/YAML/CMakeFiles/CMakeTmp

Run Build Command:"/usr/bin/xcodebuild" "-project" "CMAKE_TRY_COMPILE.xcodeproj" "build" "-target" "cmTC_431ae" "-configuration" "Debug"
2016-05-01 17:20:33.046 xcodebuild[49444:8858753] [MT] PluginLoading: Skipping plug-in at path '/Users/Martin/Library/Application Support/Developer/Shared/Xcode/Plug-ins/Backlight.xcplugin' because it is not compatible with this version of Xcode.
2016-05-01 17:20:33.047 xcodebuild[49444:8858753] [MT] PluginLoading: Required plug-in compatibility UUID ACA8656B-FEA8-4B6D-8E4A-93F4C95C362C for plug-in at path '~/Library/Application Support/Developer/Shared/Xcode/Plug-ins/Alcatraz.xcplugin' not present in DVTPlugInCompatibilityUUIDs
=== BUILD TARGET cmTC_431ae OF PROJECT CMAKE_TRY_COMPILE WITH CONFIGURATION Debug ===

Check dependencies

Write auxiliary files
/bin/mkdir -p /Users/Martin/Development/Libraries/YAML/CMakeFiles/CMakeTmp/CMAKE_TRY_COMPILE.build/Debug/cmTC_431ae.build/Objects-normal/x86_64
write-file /Users/Martin/Development/Libraries/YAML/CMakeFiles/CMakeTmp/CMAKE_TRY_COMPILE.build/Debug/cmTC_431ae.build/Objects-normal/x86_64/cmTC_431ae.LinkFileList

CompileC CMAKE_TRY_COMPILE.build/Debug/cmTC_431ae.build/Objects-normal/x86_64/CMakeCCompilerABI.o /usr/local/Cellar/cmake/3.4.3/share/cmake/Modules/CMakeCCompilerABI.c normal x86_64 c com.apple.compilers.llvm.clang.1_0.compiler
    cd /Users/Martin/Development/Libraries/YAML/CMakeFiles/CMakeTmp
    export LANG=en_US.US-ASCII
    /Applications/Xcode.app/Contents/Developer/Toolchains/XcodeDefault.xctoolchain/usr/bin/clang -x c -arch x86_64 -fmessage-length=0 -fdiagnostics-show-note-include-stack -fmacro-backtrace-limit=0 -Wno-trigraphs -fpascal-strings -O0 -Wno-missing-field-initializers -Wno-missing-prototypes -Wno-return-type -Wno-missing-braces -Wparentheses -Wswitch -Wno-unused-function -Wno-unused-label -Wno-unused-parameter -Wno-unused-variable -Wunused-value -Wno-empty-body -Wno-uninitialized -Wno-unknown-pragmas -Wno-shadow -Wno-four-char-constants -Wno-conversion -Wno-constant-conversion -Wno-int-conversion -Wno-bool-conversion -Wno-enum-conversion -Wno-shorten-64-to-32 -Wpointer-sign -Wno-newline-eof -DCMAKE_INTDIR=\"Debug\" -isysroot /Applications/Xcode.app/Contents/Developer/Platforms/MacOSX.platform/Developer/SDKs/MacOSX10.11.sdk -fasm-blocks -fstrict-aliasing -Wdeprecated-declarations -mmacosx-version-min=10.11 -g -Wno-sign-conversion -I/Users/Martin/Development/Libraries/YAML/CMakeFiles/CMakeTmp/Debug/include -I/Users/Martin/Development/Libraries/YAML/CMakeFiles/CMakeTmp/CMAKE_TRY_COMPILE.build/Debug/cmTC_431ae.build/DerivedSources/x86_64 -I/Users/Martin/Development/Libraries/YAML/CMakeFiles/CMakeTmp/CMAKE_TRY_COMPILE.build/Debug/cmTC_431ae.build/DerivedSources -Wmost -Wno-four-char-constants -Wno-unknown-pragmas -F/Users/Martin/Development/Libraries/YAML/CMakeFiles/CMakeTmp/Debug -MMD -MT dependencies -MF /Users/Martin/Development/Libraries/YAML/CMakeFiles/CMakeTmp/CMAKE_TRY_COMPILE.build/Debug/cmTC_431ae.build/Objects-normal/x86_64/CMakeCCompilerABI.d --serialize-diagnostics /Users/Martin/Development/Libraries/YAML/CMakeFiles/CMakeTmp/CMAKE_TRY_COMPILE.build/Debug/cmTC_431ae.build/Objects-normal/x86_64/CMakeCCompilerABI.dia -c /usr/local/Cellar/cmake/3.4.3/share/cmake/Modules/CMakeCCompilerABI.c -o /Users/Martin/Development/Libraries/YAML/CMakeFiles/CMakeTmp/CMAKE_TRY_COMPILE.build/Debug/cmTC_431ae.build/Objects-normal/x86_64/CMakeCCompilerABI.o

Ld Debug/cmTC_431ae normal x86_64
    cd /Users/Martin/Development/Libraries/YAML/CMakeFiles/CMakeTmp
    export MACOSX_DEPLOYMENT_TARGET=10.11
    /Applications/Xcode.app/Contents/Developer/Toolchains/XcodeDefault.xctoolchain/usr/bin/clang -arch x86_64 -isysroot /Applications/Xcode.app/Contents/Developer/Platforms/MacOSX.platform/Developer/SDKs/MacOSX10.11.sdk -L/Users/Martin/Development/Libraries/YAML/CMakeFiles/CMakeTmp/Debug -F/Users/Martin/Development/Libraries/YAML/CMakeFiles/CMakeTmp/Debug -filelist /Users/Martin/Development/Libraries/YAML/CMakeFiles/CMakeTmp/CMAKE_TRY_COMPILE.build/Debug/cmTC_431ae.build/Objects-normal/x86_64/cmTC_431ae.LinkFileList -mmacosx-version-min=10.11 -Xlinker -no_deduplicate -v -Wl,-v -Wl,-search_paths_first -Wl,-headerpad_max_install_names -Xlinker -dependency_info -Xlinker /Users/Martin/Development/Libraries/YAML/CMakeFiles/CMakeTmp/CMAKE_TRY_COMPILE.build/Debug/cmTC_431ae.build/Objects-normal/x86_64/cmTC_431ae_dependency_info.dat -o /Users/Martin/Development/Libraries/YAML/CMakeFiles/CMakeTmp/Debug/cmTC_431ae
Apple LLVM version 7.3.0 (clang-703.0.29)
Target: x86_64-apple-darwin15.4.0
Thread model: posix
InstalledDir: /Applications/Xcode.app/Contents/Developer/Toolchains/XcodeDefault.xctoolchain/usr/bin
 "/Applications/Xcode.app/Contents/Developer/Toolchains/XcodeDefault.xctoolchain/usr/bin/ld" -demangle -dynamic -arch x86_64 -macosx_version_min 10.11.0 -syslibroot /Applications/Xcode.app/Contents/Developer/Platforms/MacOSX.platform/Developer/SDKs/MacOSX10.11.sdk -o /Users/Martin/Development/Libraries/YAML/CMakeFiles/CMakeTmp/Debug/cmTC_431ae -L/Users/Martin/Development/Libraries/YAML/CMakeFiles/CMakeTmp/Debug -filelist /Users/Martin/Development/Libraries/YAML/CMakeFiles/CMakeTmp/CMAKE_TRY_COMPILE.build/Debug/cmTC_431ae.build/Objects-normal/x86_64/cmTC_431ae.LinkFileList -no_deduplicate -v -search_paths_first -headerpad_max_install_names -dependency_info /Users/Martin/Development/Libraries/YAML/CMakeFiles/CMakeTmp/CMAKE_TRY_COMPILE.build/Debug/cmTC_431ae.build/Objects-normal/x86_64/cmTC_431ae_dependency_info.dat -lSystem /Applications/Xcode.app/Contents/Developer/Toolchains/XcodeDefault.xctoolchain/usr/bin/../lib/clang/7.3.0/lib/darwin/libclang_rt.osx.a -F/Users/Martin/Development/Libraries/YAML/CMakeFiles/CMakeTmp/Debug
@(#)PROGRAM:ld  PROJECT:ld64-264.3.101
configured to support archs: armv6 armv7 armv7s arm64 i386 x86_64 x86_64h armv6m armv7k armv7m armv7em (tvOS)
Library search paths:
	/Users/Martin/Development/Libraries/YAML/CMakeFiles/CMakeTmp/Debug
	/Applications/Xcode.app/Contents/Developer/Platforms/MacOSX.platform/Developer/SDKs/MacOSX10.11.sdk/usr/lib
Framework search paths:
	/Users/Martin/Development/Libraries/YAML/CMakeFiles/CMakeTmp/Debug
	/Applications/Xcode.app/Contents/Developer/Platforms/MacOSX.platform/Developer/SDKs/MacOSX10.11.sdk/System/Library/Frameworks/

** BUILD SUCCEEDED **



Parsed C implicit link information from above output:
  link line regex: [^( *|.*[/\])(ld|([^/\]+-)?ld|collect2)[^/\]*( |$)]
  ignore line: [Change Dir: /Users/Martin/Development/Libraries/YAML/CMakeFiles/CMakeTmp]
  ignore line: []
  ignore line: [Run Build Command:"/usr/bin/xcodebuild" "-project" "CMAKE_TRY_COMPILE.xcodeproj" "build" "-target" "cmTC_431ae" "-configuration" "Debug"]
  ignore line: [2016-05-01 17:20:33.046 xcodebuild[49444:8858753] [MT] PluginLoading: Skipping plug-in at path '/Users/Martin/Library/Application Support/Developer/Shared/Xcode/Plug-ins/Backlight.xcplugin' because it is not compatible with this version of Xcode.]
  ignore line: [2016-05-01 17:20:33.047 xcodebuild[49444:8858753] [MT] PluginLoading: Required plug-in compatibility UUID ACA8656B-FEA8-4B6D-8E4A-93F4C95C362C for plug-in at path '~/Library/Application Support/Developer/Shared/Xcode/Plug-ins/Alcatraz.xcplugin' not present in DVTPlugInCompatibilityUUIDs]
  ignore line: [=== BUILD TARGET cmTC_431ae OF PROJECT CMAKE_TRY_COMPILE WITH CONFIGURATION Debug ===]
  ignore line: []
  ignore line: [Check dependencies]
  ignore line: []
  ignore line: [Write auxiliary files]
  ignore line: [/bin/mkdir -p /Users/Martin/Development/Libraries/YAML/CMakeFiles/CMakeTmp/CMAKE_TRY_COMPILE.build/Debug/cmTC_431ae.build/Objects-normal/x86_64]
  ignore line: [write-file /Users/Martin/Development/Libraries/YAML/CMakeFiles/CMakeTmp/CMAKE_TRY_COMPILE.build/Debug/cmTC_431ae.build/Objects-normal/x86_64/cmTC_431ae.LinkFileList]
  ignore line: []
  ignore line: [CompileC CMAKE_TRY_COMPILE.build/Debug/cmTC_431ae.build/Objects-normal/x86_64/CMakeCCompilerABI.o /usr/local/Cellar/cmake/3.4.3/share/cmake/Modules/CMakeCCompilerABI.c normal x86_64 c com.apple.compilers.llvm.clang.1_0.compiler]
  ignore line: [    cd /Users/Martin/Development/Libraries/YAML/CMakeFiles/CMakeTmp]
  ignore line: [    export LANG=en_US.US-ASCII]
  ignore line: [    /Applications/Xcode.app/Contents/Developer/Toolchains/XcodeDefault.xctoolchain/usr/bin/clang -x c -arch x86_64 -fmessage-length=0 -fdiagnostics-show-note-include-stack -fmacro-backtrace-limit=0 -Wno-trigraphs -fpascal-strings -O0 -Wno-missing-field-initializers -Wno-missing-prototypes -Wno-return-type -Wno-missing-braces -Wparentheses -Wswitch -Wno-unused-function -Wno-unused-label -Wno-unused-parameter -Wno-unused-variable -Wunused-value -Wno-empty-body -Wno-uninitialized -Wno-unknown-pragmas -Wno-shadow -Wno-four-char-constants -Wno-conversion -Wno-constant-conversion -Wno-int-conversion -Wno-bool-conversion -Wno-enum-conversion -Wno-shorten-64-to-32 -Wpointer-sign -Wno-newline-eof -DCMAKE_INTDIR=\"Debug\" -isysroot /Applications/Xcode.app/Contents/Developer/Platforms/MacOSX.platform/Developer/SDKs/MacOSX10.11.sdk -fasm-blocks -fstrict-aliasing -Wdeprecated-declarations -mmacosx-version-min=10.11 -g -Wno-sign-conversion -I/Users/Martin/Development/Libraries/YAML/CMakeFiles/CMakeTmp/Debug/include -I/Users/Martin/Development/Libraries/YAML/CMakeFiles/CMakeTmp/CMAKE_TRY_COMPILE.build/Debug/cmTC_431ae.build/DerivedSources/x86_64 -I/Users/Martin/Development/Libraries/YAML/CMakeFiles/CMakeTmp/CMAKE_TRY_COMPILE.build/Debug/cmTC_431ae.build/DerivedSources -Wmost -Wno-four-char-constants -Wno-unknown-pragmas -F/Users/Martin/Development/Libraries/YAML/CMakeFiles/CMakeTmp/Debug -MMD -MT dependencies -MF /Users/Martin/Development/Libraries/YAML/CMakeFiles/CMakeTmp/CMAKE_TRY_COMPILE.build/Debug/cmTC_431ae.build/Objects-normal/x86_64/CMakeCCompilerABI.d --serialize-diagnostics /Users/Martin/Development/Libraries/YAML/CMakeFiles/CMakeTmp/CMAKE_TRY_COMPILE.build/Debug/cmTC_431ae.build/Objects-normal/x86_64/CMakeCCompilerABI.dia -c /usr/local/Cellar/cmake/3.4.3/share/cmake/Modules/CMakeCCompilerABI.c -o /Users/Martin/Development/Libraries/YAML/CMakeFiles/CMakeTmp/CMAKE_TRY_COMPILE.build/Debug/cmTC_431ae.build/Objects-normal/x86_64/CMakeCCompilerABI.o]
  ignore line: []
  ignore line: [Ld Debug/cmTC_431ae normal x86_64]
  ignore line: [    cd /Users/Martin/Development/Libraries/YAML/CMakeFiles/CMakeTmp]
  ignore line: [    export MACOSX_DEPLOYMENT_TARGET=10.11]
  ignore line: [    /Applications/Xcode.app/Contents/Developer/Toolchains/XcodeDefault.xctoolchain/usr/bin/clang -arch x86_64 -isysroot /Applications/Xcode.app/Contents/Developer/Platforms/MacOSX.platform/Developer/SDKs/MacOSX10.11.sdk -L/Users/Martin/Development/Libraries/YAML/CMakeFiles/CMakeTmp/Debug -F/Users/Martin/Development/Libraries/YAML/CMakeFiles/CMakeTmp/Debug -filelist /Users/Martin/Development/Libraries/YAML/CMakeFiles/CMakeTmp/CMAKE_TRY_COMPILE.build/Debug/cmTC_431ae.build/Objects-normal/x86_64/cmTC_431ae.LinkFileList -mmacosx-version-min=10.11 -Xlinker -no_deduplicate -v -Wl,-v -Wl,-search_paths_first -Wl,-headerpad_max_install_names -Xlinker -dependency_info -Xlinker /Users/Martin/Development/Libraries/YAML/CMakeFiles/CMakeTmp/CMAKE_TRY_COMPILE.build/Debug/cmTC_431ae.build/Objects-normal/x86_64/cmTC_431ae_dependency_info.dat -o /Users/Martin/Development/Libraries/YAML/CMakeFiles/CMakeTmp/Debug/cmTC_431ae]
  ignore line: [Apple LLVM version 7.3.0 (clang-703.0.29)]
  ignore line: [Target: x86_64-apple-darwin15.4.0]
  ignore line: [Thread model: posix]
  ignore line: [InstalledDir: /Applications/Xcode.app/Contents/Developer/Toolchains/XcodeDefault.xctoolchain/usr/bin]
  reduced line: [ "/Applications/Xcode.app/Contents/Developer/Toolchains/XcodeDefault.xctoolchain/usr/bin/ld" -demangle -dynamic -arch x86_64 -macosx_version_min 10.11.0 -syslibroot /Applications/Xcode.app/Contents/Developer/Platforms/MacOSX.platform/Developer/SDKs/MacOSX10.11.sdk -o /Users/Martin/Development/Libraries/YAML/CMakeFiles/CMakeTmp/Debug/cmTC_431ae -L/Users/Martin/Development/Libraries/YAML/CMakeFiles/CMakeTmp/Debug -filelist /Users/Martin/Development/Libraries/YAML/CMakeFiles/CMakeTmp/CMAKE_TRY_COMPILE.build/Debug/cmTC_431ae.build/Objects-normal/x86_64/cmTC_431ae.LinkFileList -no_deduplicate -v -search_paths_first -headerpad_max_install_names -dependency_info /Users/Martin/Development/Libraries/YAML/CMakeFiles/CMakeTmp/CMAKE_TRY_COMPILE.build/Debug/cmTC_431ae.build/Objects-normal/x86_64/cmTC_431ae_dependency_info.dat -lSystem /Applications/Xcode.app/Contents/Developer/Toolchains/XcodeDefault.xctoolchain/usr/bin/../lib/clang/7.3.0/lib/darwin/libclang_rt.osx.a -F/Users/Martin/Development/Libraries/YAML/CMakeFiles/CMakeTmp/Debug]
            to: [ "/Applications/Xcode.app/Contents/Developer/Toolchains/XcodeDefault.xctoolchain/usr/bin/ld" -demangle -dynamic -arch x86_64 -macosx_version_min 10.11.0 -syslibroot /Applications/Xcode.app/Contents/Developer/Platforms/MacOSX.platform/Developer/SDKs/MacOSX10.11.sdk -o /Users/Martin/Development/Libraries/YAML/CMakeFiles/CMakeTmp/Debug/cmTC_431ae -filelist /Users/Martin/Development/Libraries/YAML/CMakeFiles/CMakeTmp/CMAKE_TRY_COMPILE.build/Debug/cmTC_431ae.build/Objects-normal/x86_64/cmTC_431ae.LinkFileList -no_deduplicate -v -search_paths_first -headerpad_max_install_names -dependency_info /Users/Martin/Development/Libraries/YAML/CMakeFiles/CMakeTmp/CMAKE_TRY_COMPILE.build/Debug/cmTC_431ae.build/Objects-normal/x86_64/cmTC_431ae_dependency_info.dat -lSystem /Applications/Xcode.app/Contents/Developer/Toolchains/XcodeDefault.xctoolchain/usr/bin/../lib/clang/7.3.0/lib/darwin/libclang_rt.osx.a ]
  link line: [ "/Applications/Xcode.app/Contents/Developer/Toolchains/XcodeDefault.xctoolchain/usr/bin/ld" -demangle -dynamic -arch x86_64 -macosx_version_min 10.11.0 -syslibroot /Applications/Xcode.app/Contents/Developer/Platforms/MacOSX.platform/Developer/SDKs/MacOSX10.11.sdk -o /Users/Martin/Development/Libraries/YAML/CMakeFiles/CMakeTmp/Debug/cmTC_431ae -filelist /Users/Martin/Development/Libraries/YAML/CMakeFiles/CMakeTmp/CMAKE_TRY_COMPILE.build/Debug/cmTC_431ae.build/Objects-normal/x86_64/cmTC_431ae.LinkFileList -no_deduplicate -v -search_paths_first -headerpad_max_install_names -dependency_info /Users/Martin/Development/Libraries/YAML/CMakeFiles/CMakeTmp/CMAKE_TRY_COMPILE.build/Debug/cmTC_431ae.build/Objects-normal/x86_64/cmTC_431ae_dependency_info.dat -lSystem /Applications/Xcode.app/Contents/Developer/Toolchains/XcodeDefault.xctoolchain/usr/bin/../lib/clang/7.3.0/lib/darwin/libclang_rt.osx.a ]
    arg [/Applications/Xcode.app/Contents/Developer/Toolchains/XcodeDefault.xctoolchain/usr/bin/ld] ==> ignore
    arg [-demangle] ==> ignore
    arg [-dynamic] ==> ignore
    arg [-arch] ==> ignore
    arg [x86_64] ==> ignore
    arg [-macosx_version_min] ==> ignore
    arg [10.11.0] ==> ignore
    arg [-syslibroot] ==> ignore
    arg [/Applications/Xcode.app/Contents/Developer/Platforms/MacOSX.platform/Developer/SDKs/MacOSX10.11.sdk] ==> ignore
    arg [-o] ==> ignore
    arg [/Users/Martin/Development/Libraries/YAML/CMakeFiles/CMakeTmp/Debug/cmTC_431ae] ==> ignore
    arg [-filelist] ==> ignore
    arg [/Users/Martin/Development/Libraries/YAML/CMakeFiles/CMakeTmp/CMAKE_TRY_COMPILE.build/Debug/cmTC_431ae.build/Objects-normal/x86_64/cmTC_431ae.LinkFileList] ==> ignore
    arg [-no_deduplicate] ==> ignore
    arg [-v] ==> ignore
    arg [-search_paths_first] ==> ignore
    arg [-headerpad_max_install_names] ==> ignore
    arg [-dependency_info] ==> ignore
    arg [/Users/Martin/Development/Libraries/YAML/CMakeFiles/CMakeTmp/CMAKE_TRY_COMPILE.build/Debug/cmTC_431ae.build/Objects-normal/x86_64/cmTC_431ae_dependency_info.dat] ==> ignore
    arg [-lSystem] ==> lib [System]
    arg [/Applications/Xcode.app/Contents/Developer/Toolchains/XcodeDefault.xctoolchain/usr/bin/../lib/clang/7.3.0/lib/darwin/libclang_rt.osx.a] ==> lib [/Applications/Xcode.app/Contents/Developer/Toolchains/XcodeDefault.xctoolchain/usr/bin/../lib/clang/7.3.0/lib/darwin/libclang_rt.osx.a]
  Library search paths: [;/Users/Martin/Development/Libraries/YAML/CMakeFiles/CMakeTmp/Debug;/Applications/Xcode.app/Contents/Developer/Platforms/MacOSX.platform/Developer/SDKs/MacOSX10.11.sdk/usr/lib]
  Framework search paths: [;/Users/Martin/Development/Libraries/YAML/CMakeFiles/CMakeTmp/Debug;/Applications/Xcode.app/Contents/Developer/Platforms/MacOSX.platform/Developer/SDKs/MacOSX10.11.sdk/System/Library/Frameworks/]
  remove lib [System]
  collapse lib [/Applications/Xcode.app/Contents/Developer/Toolchains/XcodeDefault.xctoolchain/usr/bin/../lib/clang/7.3.0/lib/darwin/libclang_rt.osx.a] ==> [/Applications/Xcode.app/Contents/Developer/Toolchains/XcodeDefault.xctoolchain/usr/lib/clang/7.3.0/lib/darwin/libclang_rt.osx.a]
  collapse library dir [/Users/Martin/Development/Libraries/YAML/CMakeFiles/CMakeTmp/Debug] ==> [/Users/Martin/Development/Libraries/YAML/CMakeFiles/CMakeTmp/Debug], skipping non-system directory
  collapse library dir [/Applications/Xcode.app/Contents/Developer/Platforms/MacOSX.platform/Developer/SDKs/MacOSX10.11.sdk/usr/lib] ==> [/Applications/Xcode.app/Contents/Developer/Platforms/MacOSX.platform/Developer/SDKs/MacOSX10.11.sdk/usr/lib]
  collapse framework dir [/Users/Martin/Development/Libraries/YAML/CMakeFiles/CMakeTmp/Debug] ==> [/Users/Martin/Development/Libraries/YAML/CMakeFiles/CMakeTmp/Debug], skipping non-system directory
  collapse framework dir [/Applications/Xcode.app/Contents/Developer/Platforms/MacOSX.platform/Developer/SDKs/MacOSX10.11.sdk/System/Library/Frameworks/] ==> [/Applications/Xcode.app/Contents/Developer/Platforms/MacOSX.platform/Developer/SDKs/MacOSX10.11.sdk/System/Library/Frameworks]
  implicit libs: [/Applications/Xcode.app/Contents/Developer/Toolchains/XcodeDefault.xctoolchain/usr/lib/clang/7.3.0/lib/darwin/libclang_rt.osx.a]
  implicit dirs: [/Applications/Xcode.app/Contents/Developer/Platforms/MacOSX.platform/Developer/SDKs/MacOSX10.11.sdk/usr/lib]
  implicit fwks: [/Applications/Xcode.app/Contents/Developer/Platforms/MacOSX.platform/Developer/SDKs/MacOSX10.11.sdk/System/Library/Frameworks]




Detecting C [-std=c11] compiler features compiled with the following output:
Change Dir: /Users/Martin/Development/Libraries/YAML/CMakeFiles/CMakeTmp

Run Build Command:"/usr/bin/xcodebuild" "-project" "CMAKE_TRY_COMPILE.xcodeproj" "build" "-target" "cmTC_484e7" "-configuration" "Debug"
2016-05-01 17:20:33.716 xcodebuild[49460:8858797] [MT] PluginLoading: Skipping plug-in at path '/Users/Martin/Library/Application Support/Developer/Shared/Xcode/Plug-ins/Backlight.xcplugin' because it is not compatible with this version of Xcode.
2016-05-01 17:20:33.717 xcodebuild[49460:8858797] [MT] PluginLoading: Required plug-in compatibility UUID ACA8656B-FEA8-4B6D-8E4A-93F4C95C362C for plug-in at path '~/Library/Application Support/Developer/Shared/Xcode/Plug-ins/Alcatraz.xcplugin' not present in DVTPlugInCompatibilityUUIDs
=== BUILD TARGET cmTC_484e7 OF PROJECT CMAKE_TRY_COMPILE WITH CONFIGURATION Debug ===

Check dependencies

Write auxiliary files
/bin/mkdir -p /Users/Martin/Development/Libraries/YAML/CMakeFiles/CMakeTmp/CMAKE_TRY_COMPILE.build/Debug/cmTC_484e7.build/Objects-normal/x86_64
write-file /Users/Martin/Development/Libraries/YAML/CMakeFiles/CMakeTmp/CMAKE_TRY_COMPILE.build/Debug/cmTC_484e7.build/Objects-normal/x86_64/cmTC_484e7.LinkFileList

CompileC CMAKE_TRY_COMPILE.build/Debug/cmTC_484e7.build/Objects-normal/x86_64/feature_tests.o /Users/Martin/Development/Libraries/YAML/CMakeFiles/feature_tests.c normal x86_64 c com.apple.compilers.llvm.clang.1_0.compiler
    cd /Users/Martin/Development/Libraries/YAML/CMakeFiles/CMakeTmp
    export LANG=en_US.US-ASCII
    /Applications/Xcode.app/Contents/Developer/Toolchains/XcodeDefault.xctoolchain/usr/bin/clang -x c -arch x86_64 -fmessage-length=0 -fdiagnostics-show-note-include-stack -fmacro-backtrace-limit=0 -Wno-trigraphs -fpascal-strings -O0 -Wno-missing-field-initializers -Wno-missing-prototypes -Wno-return-type -Wno-missing-braces -Wparentheses -Wswitch -Wno-unused-function -Wno-unused-label -Wno-unused-parameter -Wno-unused-variable -Wunused-value -Wno-empty-body -Wno-uninitialized -Wno-unknown-pragmas -Wno-shadow -Wno-four-char-constants -Wno-conversion -Wno-constant-conversion -Wno-int-conversion -Wno-bool-conversion -Wno-enum-conversion -Wno-shorten-64-to-32 -Wpointer-sign -Wno-newline-eof -DCMAKE_INTDIR=\"Debug\" -isysroot /Applications/Xcode.app/Contents/Developer/Platforms/MacOSX.platform/Developer/SDKs/MacOSX10.11.sdk -fasm-blocks -fstrict-aliasing -Wdeprecated-declarations -mmacosx-version-min=10.11 -g -Wno-sign-conversion -I/Users/Martin/Development/Libraries/YAML/CMakeFiles/CMakeTmp/Debug/include -I/Users/Martin/Development/Libraries/YAML/CMakeFiles/CMakeTmp/CMAKE_TRY_COMPILE.build/Debug/cmTC_484e7.build/DerivedSources/x86_64 -I/Users/Martin/Development/Libraries/YAML/CMakeFiles/CMakeTmp/CMAKE_TRY_COMPILE.build/Debug/cmTC_484e7.build/DerivedSources -Wmost -Wno-four-char-constants -Wno-unknown-pragmas -F/Users/Martin/Development/Libraries/YAML/CMakeFiles/CMakeTmp/Debug -std=c11 -MMD -MT dependencies -MF /Users/Martin/Development/Libraries/YAML/CMakeFiles/CMakeTmp/CMAKE_TRY_COMPILE.build/Debug/cmTC_484e7.build/Objects-normal/x86_64/feature_tests.d --serialize-diagnostics /Users/Martin/Development/Libraries/YAML/CMakeFiles/CMakeTmp/CMAKE_TRY_COMPILE.build/Debug/cmTC_484e7.build/Objects-normal/x86_64/feature_tests.dia -c /Users/Martin/Development/Libraries/YAML/CMakeFiles/feature_tests.c -o /Users/Martin/Development/Libraries/YAML/CMakeFiles/CMakeTmp/CMAKE_TRY_COMPILE.build/Debug/cmTC_484e7.build/Objects-normal/x86_64/feature_tests.o

Ld Debug/cmTC_484e7 normal x86_64
    cd /Users/Martin/Development/Libraries/YAML/CMakeFiles/CMakeTmp
    export MACOSX_DEPLOYMENT_TARGET=10.11
    /Applications/Xcode.app/Contents/Developer/Toolchains/XcodeDefault.xctoolchain/usr/bin/clang -arch x86_64 -isysroot /Applications/Xcode.app/Contents/Developer/Platforms/MacOSX.platform/Developer/SDKs/MacOSX10.11.sdk -L/Users/Martin/Development/Libraries/YAML/CMakeFiles/CMakeTmp/Debug -F/Users/Martin/Development/Libraries/YAML/CMakeFiles/CMakeTmp/Debug -filelist /Users/Martin/Development/Libraries/YAML/CMakeFiles/CMakeTmp/CMAKE_TRY_COMPILE.build/Debug/cmTC_484e7.build/Objects-normal/x86_64/cmTC_484e7.LinkFileList -mmacosx-version-min=10.11 -Xlinker -no_deduplicate -Wl,-search_paths_first -Wl,-headerpad_max_install_names -Xlinker -dependency_info -Xlinker /Users/Martin/Development/Libraries/YAML/CMakeFiles/CMakeTmp/CMAKE_TRY_COMPILE.build/Debug/cmTC_484e7.build/Objects-normal/x86_64/cmTC_484e7_dependency_info.dat -o /Users/Martin/Development/Libraries/YAML/CMakeFiles/CMakeTmp/Debug/cmTC_484e7

** BUILD SUCCEEDED **



    Feature record: C_FEATURE:1c_function_prototypes
    Feature record: C_FEATURE:1c_restrict
    Feature record: C_FEATURE:1c_static_assert
    Feature record: C_FEATURE:1c_variadic_macros


Detecting C [-std=c99] compiler features compiled with the following output:
Change Dir: /Users/Martin/Development/Libraries/YAML/CMakeFiles/CMakeTmp

Run Build Command:"/usr/bin/xcodebuild" "-project" "CMAKE_TRY_COMPILE.xcodeproj" "build" "-target" "cmTC_edae0" "-configuration" "Debug"
2016-05-01 17:20:34.502 xcodebuild[49476:8858869] [MT] PluginLoading: Skipping plug-in at path '/Users/Martin/Library/Application Support/Developer/Shared/Xcode/Plug-ins/Backlight.xcplugin' because it is not compatible with this version of Xcode.
2016-05-01 17:20:34.503 xcodebuild[49476:8858869] [MT] PluginLoading: Required plug-in compatibility UUID ACA8656B-FEA8-4B6D-8E4A-93F4C95C362C for plug-in at path '~/Library/Application Support/Developer/Shared/Xcode/Plug-ins/Alcatraz.xcplugin' not present in DVTPlugInCompatibilityUUIDs
=== BUILD TARGET cmTC_edae0 OF PROJECT CMAKE_TRY_COMPILE WITH CONFIGURATION Debug ===

Check dependencies

Write auxiliary files
/bin/mkdir -p /Users/Martin/Development/Libraries/YAML/CMakeFiles/CMakeTmp/CMAKE_TRY_COMPILE.build/Debug/cmTC_edae0.build/Objects-normal/x86_64
write-file /Users/Martin/Development/Libraries/YAML/CMakeFiles/CMakeTmp/CMAKE_TRY_COMPILE.build/Debug/cmTC_edae0.build/Objects-normal/x86_64/cmTC_edae0.LinkFileList

CompileC CMAKE_TRY_COMPILE.build/Debug/cmTC_edae0.build/Objects-normal/x86_64/feature_tests.o /Users/Martin/Development/Libraries/YAML/CMakeFiles/feature_tests.c normal x86_64 c com.apple.compilers.llvm.clang.1_0.compiler
    cd /Users/Martin/Development/Libraries/YAML/CMakeFiles/CMakeTmp
    export LANG=en_US.US-ASCII
    /Applications/Xcode.app/Contents/Developer/Toolchains/XcodeDefault.xctoolchain/usr/bin/clang -x c -arch x86_64 -fmessage-length=0 -fdiagnostics-show-note-include-stack -fmacro-backtrace-limit=0 -Wno-trigraphs -fpascal-strings -O0 -Wno-missing-field-initializers -Wno-missing-prototypes -Wno-return-type -Wno-missing-braces -Wparentheses -Wswitch -Wno-unused-function -Wno-unused-label -Wno-unused-parameter -Wno-unused-variable -Wunused-value -Wno-empty-body -Wno-uninitialized -Wno-unknown-pragmas -Wno-shadow -Wno-four-char-constants -Wno-conversion -Wno-constant-conversion -Wno-int-conversion -Wno-bool-conversion -Wno-enum-conversion -Wno-shorten-64-to-32 -Wpointer-sign -Wno-newline-eof -DCMAKE_INTDIR=\"Debug\" -isysroot /Applications/Xcode.app/Contents/Developer/Platforms/MacOSX.platform/Developer/SDKs/MacOSX10.11.sdk -fasm-blocks -fstrict-aliasing -Wdeprecated-declarations -mmacosx-version-min=10.11 -g -Wno-sign-conversion -I/Users/Martin/Development/Libraries/YAML/CMakeFiles/CMakeTmp/Debug/include -I/Users/Martin/Development/Libraries/YAML/CMakeFiles/CMakeTmp/CMAKE_TRY_COMPILE.build/Debug/cmTC_edae0.build/DerivedSources/x86_64 -I/Users/Martin/Development/Libraries/YAML/CMakeFiles/CMakeTmp/CMAKE_TRY_COMPILE.build/Debug/cmTC_edae0.build/DerivedSources -Wmost -Wno-four-char-constants -Wno-unknown-pragmas -F/Users/Martin/Development/Libraries/YAML/CMakeFiles/CMakeTmp/Debug -std=c99 -MMD -MT dependencies -MF /Users/Martin/Development/Libraries/YAML/CMakeFiles/CMakeTmp/CMAKE_TRY_COMPILE.build/Debug/cmTC_edae0.build/Objects-normal/x86_64/feature_tests.d --serialize-diagnostics /Users/Martin/Development/Libraries/YAML/CMakeFiles/CMakeTmp/CMAKE_TRY_COMPILE.build/Debug/cmTC_edae0.build/Objects-normal/x86_64/feature_tests.dia -c /Users/Martin/Development/Libraries/YAML/CMakeFiles/feature_tests.c -o /Users/Martin/Development/Libraries/YAML/CMakeFiles/CMakeTmp/CMAKE_TRY_COMPILE.build/Debug/cmTC_edae0.build/Objects-normal/x86_64/feature_tests.o

Ld Debug/cmTC_edae0 normal x86_64
    cd /Users/Martin/Development/Libraries/YAML/CMakeFiles/CMakeTmp
    export MACOSX_DEPLOYMENT_TARGET=10.11
    /Applications/Xcode.app/Contents/Developer/Toolchains/XcodeDefault.xctoolchain/usr/bin/clang -arch x86_64 -isysroot /Applications/Xcode.app/Contents/Developer/Platforms/MacOSX.platform/Developer/SDKs/MacOSX10.11.sdk -L/Users/Martin/Development/Libraries/YAML/CMakeFiles/CMakeTmp/Debug -F/Users/Martin/Development/Libraries/YAML/CMakeFiles/CMakeTmp/Debug -filelist /Users/Martin/Development/Libraries/YAML/CMakeFiles/CMakeTmp/CMAKE_TRY_COMPILE.build/Debug/cmTC_edae0.build/Objects-normal/x86_64/cmTC_edae0.LinkFileList -mmacosx-version-min=10.11 -Xlinker -no_deduplicate -Wl,-search_paths_first -Wl,-headerpad_max_install_names -Xlinker -dependency_info -Xlinker /Users/Martin/Development/Libraries/YAML/CMakeFiles/CMakeTmp/CMAKE_TRY_COMPILE.build/Debug/cmTC_edae0.build/Objects-normal/x86_64/cmTC_edae0_dependency_info.dat -o /Users/Martin/Development/Libraries/YAML/CMakeFiles/CMakeTmp/Debug/cmTC_edae0

** BUILD SUCCEEDED **



    Feature record: C_FEATURE:1c_function_prototypes
    Feature record: C_FEATURE:1c_restrict
    Feature record: C_FEATURE:0c_static_assert
    Feature record: C_FEATURE:1c_variadic_macros


Detecting C [-std=c90] compiler features compiled with the following output:
Change Dir: /Users/Martin/Development/Libraries/YAML/CMakeFiles/CMakeTmp

Run Build Command:"/usr/bin/xcodebuild" "-project" "CMAKE_TRY_COMPILE.xcodeproj" "build" "-target" "cmTC_0aff8" "-configuration" "Debug"
2016-05-01 17:20:35.192 xcodebuild[49492:8858913] [MT] PluginLoading: Skipping plug-in at path '/Users/Martin/Library/Application Support/Developer/Shared/Xcode/Plug-ins/Backlight.xcplugin' because it is not compatible with this version of Xcode.
2016-05-01 17:20:35.193 xcodebuild[49492:8858913] [MT] PluginLoading: Required plug-in compatibility UUID ACA8656B-FEA8-4B6D-8E4A-93F4C95C362C for plug-in at path '~/Library/Application Support/Developer/Shared/Xcode/Plug-ins/Alcatraz.xcplugin' not present in DVTPlugInCompatibilityUUIDs
=== BUILD TARGET cmTC_0aff8 OF PROJECT CMAKE_TRY_COMPILE WITH CONFIGURATION Debug ===

Check dependencies

Write auxiliary files
/bin/mkdir -p /Users/Martin/Development/Libraries/YAML/CMakeFiles/CMakeTmp/CMAKE_TRY_COMPILE.build/Debug/cmTC_0aff8.build/Objects-normal/x86_64
write-file /Users/Martin/Development/Libraries/YAML/CMakeFiles/CMakeTmp/CMAKE_TRY_COMPILE.build/Debug/cmTC_0aff8.build/Objects-normal/x86_64/cmTC_0aff8.LinkFileList

CompileC CMAKE_TRY_COMPILE.build/Debug/cmTC_0aff8.build/Objects-normal/x86_64/feature_tests.o /Users/Martin/Development/Libraries/YAML/CMakeFiles/feature_tests.c normal x86_64 c com.apple.compilers.llvm.clang.1_0.compiler
    cd /Users/Martin/Development/Libraries/YAML/CMakeFiles/CMakeTmp
    export LANG=en_US.US-ASCII
    /Applications/Xcode.app/Contents/Developer/Toolchains/XcodeDefault.xctoolchain/usr/bin/clang -x c -arch x86_64 -fmessage-length=0 -fdiagnostics-show-note-include-stack -fmacro-backtrace-limit=0 -Wno-trigraphs -fpascal-strings -O0 -Wno-missing-field-initializers -Wno-missing-prototypes -Wno-return-type -Wno-missing-braces -Wparentheses -Wswitch -Wno-unused-function -Wno-unused-label -Wno-unused-parameter -Wno-unused-variable -Wunused-value -Wno-empty-body -Wno-uninitialized -Wno-unknown-pragmas -Wno-shadow -Wno-four-char-constants -Wno-conversion -Wno-constant-conversion -Wno-int-conversion -Wno-bool-conversion -Wno-enum-conversion -Wno-shorten-64-to-32 -Wpointer-sign -Wno-newline-eof -DCMAKE_INTDIR=\"Debug\" -isysroot /Applications/Xcode.app/Contents/Developer/Platforms/MacOSX.platform/Developer/SDKs/MacOSX10.11.sdk -fasm-blocks -fstrict-aliasing -Wdeprecated-declarations -mmacosx-version-min=10.11 -g -Wno-sign-conversion -I/Users/Martin/Development/Libraries/YAML/CMakeFiles/CMakeTmp/Debug/include -I/Users/Martin/Development/Libraries/YAML/CMakeFiles/CMakeTmp/CMAKE_TRY_COMPILE.build/Debug/cmTC_0aff8.build/DerivedSources/x86_64 -I/Users/Martin/Development/Libraries/YAML/CMakeFiles/CMakeTmp/CMAKE_TRY_COMPILE.build/Debug/cmTC_0aff8.build/DerivedSources -Wmost -Wno-four-char-constants -Wno-unknown-pragmas -F/Users/Martin/Development/Libraries/YAML/CMakeFiles/CMakeTmp/Debug -std=c90 -MMD -MT dependencies -MF /Users/Martin/Development/Libraries/YAML/CMakeFiles/CMakeTmp/CMAKE_TRY_COMPILE.build/Debug/cmTC_0aff8.build/Objects-normal/x86_64/feature_tests.d --serialize-diagnostics /Users/Martin/Development/Libraries/YAML/CMakeFiles/CMakeTmp/CMAKE_TRY_COMPILE.build/Debug/cmTC_0aff8.build/Objects-normal/x86_64/feature_tests.dia -c /Users/Martin/Development/Libraries/YAML/CMakeFiles/feature_tests.c -o /Users/Martin/Development/Libraries/YAML/CMakeFiles/CMakeTmp/CMAKE_TRY_COMPILE.build/Debug/cmTC_0aff8.build/Objects-normal/x86_64/feature_tests.o

Ld Debug/cmTC_0aff8 normal x86_64
    cd /Users/Martin/Development/Libraries/YAML/CMakeFiles/CMakeTmp
    export MACOSX_DEPLOYMENT_TARGET=10.11
    /Applications/Xcode.app/Contents/Developer/Toolchains/XcodeDefault.xctoolchain/usr/bin/clang -arch x86_64 -isysroot /Applications/Xcode.app/Contents/Developer/Platforms/MacOSX.platform/Developer/SDKs/MacOSX10.11.sdk -L/Users/Martin/Development/Libraries/YAML/CMakeFiles/CMakeTmp/Debug -F/Users/Martin/Development/Libraries/YAML/CMakeFiles/CMakeTmp/Debug -filelist /Users/Martin/Development/Libraries/YAML/CMakeFiles/CMakeTmp/CMAKE_TRY_COMPILE.build/Debug/cmTC_0aff8.build/Objects-normal/x86_64/cmTC_0aff8.LinkFileList -mmacosx-version-min=10.11 -Xlinker -no_deduplicate -Wl,-search_paths_first -Wl,-headerpad_max_install_names -Xlinker -dependency_info -Xlinker /Users/Martin/Development/Libraries/YAML/CMakeFiles/CMakeTmp/CMAKE_TRY_COMPILE.build/Debug/cmTC_0aff8.build/Objects-normal/x86_64/cmTC_0aff8_dependency_info.dat -o /Users/Martin/Development/Libraries/YAML/CMakeFiles/CMakeTmp/Debug/cmTC_0aff8

** BUILD SUCCEEDED **



    Feature record: C_FEATURE:1c_function_prototypes
    Feature record: C_FEATURE:0c_restrict
    Feature record: C_FEATURE:0c_static_assert
    Feature record: C_FEATURE:0c_variadic_macros
